Arguments: 
  C:\Program Files\nodejs\node.exe C:\Users\thomas.ricci\AppData\Roaming\npm\node_modules\yarn\bin\yarn.js add redux-ui --verbose

PATH: 
  C:\bin\cmder\bin;C:\bin\cmder\vendor\conemu-maximus5\ConEmu\Scripts;C:\bin\cmder\vendor\conemu-maximus5;C:\bin\cmder\vendor\conemu-maximus5\ConEmu;C:\Program Files\Haskell\bin;C:\Program Files\Haskell Platform\8.0.2\lib\extralibs\bin;C:\Program Files\Haskell Platform\8.0.2\bin;C:\bin\Ruby23\bin;C:\bin;C:\Program Files\Docker Toolbox;C:\bin\sqlite;C:\Program Files\Java\jdk1.8.0_131\bin;C:\Program Files\MongoDB\Server\3.2\bin;C:\bin\android\sdk\tools;C:\bin\android\sdk;C:\bin\android\sdk\platform-tools;C:\bin\deepstream;C:\bin\php7\;C:\bin\Python3\Scripts\;C:\bin\Python3\;C:\bin\Python27\;C:\bin\Python27\Scripts;C:\ProgramData\Oracle\Java\javapath;C:\Windows\system32;C:\Windows;C:\Windows\System32\Wbem;C:\Windows\System32\WindowsPowerShell\v1.0\;C:\Program Files\nodejs\;C:\Program Files\Git\cmd;C:\Program Files\Git\mingw64\bin;C:\Program Files\Git\usr\bin;C:\Program Files (x86)\Windows Kits\8.1\Windows Performance Toolkit\;C:\ProgramData\ComposerSetup\bin;C:\bin\Vagrant\bin;C:\bin\cmder;C:\Program Files\Haskell Platform\8.0.2\mingw\bin;C:\Program Files\MiKTeX 2.9\miktex\bin\x64\;C:\Program Files (x86)\Pandoc\;C:\ProgramData\chocolatey\bin;C:\Program Files\Android\Android Studio\gradle\gradle-3.2\bin;C:\Program Files\Java\jdk1.8.0_131\bin;C:\Users\thomas.ricci\AppData\Roaming\cabal\bin;C:\Users\thomas.ricci\AppData\Roaming\local\bin;C:\Users\thomas.ricci\AppData\Local\atom\bin;C:\Users\thomas.ricci\AppData\Roaming\npm;C:\Users\thomas.ricci\AppData\Roaming\Composer\vendor\bin;C:\Program Files\Docker Toolbox;C:\Program Files\Git\usr\bin;C:\Program Files\Git\usr\share\vim\vim74;C:\bin\cmder\

Yarn version: 
  0.18.1

Node version: 
  7.10.0

Platform: 
  win32 x64

npm manifest: 
  {
    "name": "ch.cpnv.karmajob",
    "version": "1.0.0",
    "displayName": "KarmaJob",
    "scripts": {
      "dev": "webpack -d --watch",
      "build": "webpack -p"
    },
    "cordova": {
      "platforms": [
        "android",
        "browser"
      ],
      "plugins": {
        "cordova-plugin-whitelist": {},
        "cordova-plugin-browsersync": {}
      }
    },
    "dependencies": {
      "babel-loader": "^7.0.0",
      "babel-preset-es2015": "^6.24.1",
      "babel-preset-es2017": "^6.24.1",
      "babel-preset-react": "^6.24.1",
      "cordova-android": "~6.2.3",
      "cordova-browser": "~4.1.0",
      "cordova-plugin-browsersync": "^0.1.6",
      "cordova-plugin-whitelist": "1",
      "react": "^15.5.4",
      "react-dom": "^15.5.4",
      "react-redux": "^5.0.5",
      "redux": "^3.6.0",
      "redux-promise": "^0.5.3",
      "redux-thunk": "^2.2.0",
      "webpack": "^2.5.1"
    },
    "devDependencies": {
      "babel-plugin-transform-decorators": "^6.24.1"
    }
  }

yarn manifest: 
  No manifest

Lockfile: 
  No lockfile

Trace: 
  Error: https://registry.yarnpkg.com/redux-ui/-/redux-ui-0.1.0.tgz: invalid tar file
      at Extract.Parse._startEntry (C:\Users\thomas.ricci\AppData\Roaming\npm\node_modules\yarn\node_modules\tar\lib\parse.js:149:13)
      at Extract.Parse._process (C:\Users\thomas.ricci\AppData\Roaming\npm\node_modules\yarn\node_modules\tar\lib\parse.js:131:12)
      at BlockStream.<anonymous> (C:\Users\thomas.ricci\AppData\Roaming\npm\node_modules\yarn\node_modules\tar\lib\parse.js:47:8)
      at emitOne (events.js:96:13)
      at BlockStream.emit (events.js:191:7)
      at BlockStream._emitChunk (C:\Users\thomas.ricci\AppData\Roaming\npm\node_modules\yarn\node_modules\block-stream\block-stream.js:145:10)
      at BlockStream.resume (C:\Users\thomas.ricci\AppData\Roaming\npm\node_modules\yarn\node_modules\block-stream\block-stream.js:58:15)
      at Extract.Reader.resume (C:\Users\thomas.ricci\AppData\Roaming\npm\node_modules\yarn\node_modules\fstream\lib\reader.js:249:34)
      at Entry.<anonymous> (C:\Users\thomas.ricci\AppData\Roaming\npm\node_modules\yarn\node_modules\tar\lib\parse.js:261:8)
      at emitNone (events.js:86:13)
